# JRE version: OpenJDK Runtime Environment (11.0.11+9) (build 11.0.11+9-b60-7590822)
# Java VM: OpenJDK 64-Bit Server VM (11.0.11+9-b60-7590822, mixed mode, tiered, compressed oops, g1 gc, windows-amd64)
Heap:
 garbage-first heap   total 262144K, used 164681K [0x00000000e0000000, 0x0000000100000000)
  region size 1024K, 19 young (19456K), 1 survivors (1024K)
 Metaspace       used 136139K, capacity 138924K, committed 139096K, reserved 376832K
  class space    used 16256K, capacity 17241K, committed 17280K, reserved 253952K
GC Heap History (20 events):
Event: 50.731 GC heap before
{Heap before GC invocations=111 (full 0):
 garbage-first heap   total 262144K, used 230803K [0x00000000e0000000, 0x0000000100000000)
  region size 1024K, 83 young (84992K), 12 survivors (12288K)
 Metaspace       used 132354K, capacity 134989K, committed 135256K, reserved 372736K
  class space    used 15751K, capacity 16712K, committed 16768K, reserved 253952K
}
Event: 50.740 GC heap after
{Heap after GC invocations=112 (full 0):
 garbage-first heap   total 262144K, used 163815K [0x00000000e0000000, 0x0000000100000000)
  region size 1024K, 10 young (10240K), 10 survivors (10240K)
 Metaspace       used 132354K, capacity 134989K, committed 135256K, reserved 372736K
  class space    used 15751K, capacity 16712K, committed 16768K, reserved 253952K
}
Event: 51.959 GC heap before
{Heap before GC invocations=112 (full 0):
 garbage-first heap   total 262144K, used 222183K [0x00000000e0000000, 0x0000000100000000)
  region size 1024K, 67 young (68608K), 10 survivors (10240K)
 Metaspace       used 134484K, capacity 137242K, committed 137432K, reserved 374784K
  class space    used 16041K, capacity 17046K, committed 17152K, reserved 253952K
}
Event: 51.965 GC heap after
{Heap after GC invocations=113 (full 0):
 garbage-first heap   total 262144K, used 168051K [0x00000000e0000000, 0x0000000100000000)
  region size 1024K, 4 young (4096K), 4 survivors (4096K)
 Metaspace       used 134484K, capacity 137242K, committed 137432K, reserved 374784K
  class space    used 16041K, capacity 17046K, committed 17152K, reserved 253952K
}
Event: 53.352 GC heap before
{Heap before GC invocations=114 (full 0):
 garbage-first heap   total 262144K, used 217896K [0x00000000e0000000, 0x0000000100000000)
  region size 1024K, 58 young (59392K), 4 survivors (4096K)
 Metaspace       used 135922K, capacity 138615K, committed 138840K, reserved 376832K
  class space    used 16224K, capacity 17181K, committed 17280K, reserved 253952K
}
Event: 53.354 GC heap after
{Heap after GC invocations=115 (full 0):
 garbage-first heap   total 262144K, used 163527K [0x00000000e0000000, 0x0000000100000000)
  region size 1024K, 4 young (4096K), 4 survivors (4096K)
 Metaspace       used 135922K, capacity 138615K, committed 138840K, reserved 376832K
  class space    used 16224K, capacity 17181K, committed 17280K, reserved 253952K
}
Event: 53.478 GC heap before
{Heap before GC invocations=115 (full 0):
 garbage-first heap   total 262144K, used 170695K [0x00000000e0000000, 0x0000000100000000)
  region size 1024K, 12 young (12288K), 4 survivors (4096K)
 Metaspace       used 135922K, capacity 138615K, committed 138840K, reserved 376832K
  class space    used 16224K, capacity 17181K, committed 17280K, reserved 253952K
}
Event: 53.484 GC heap after
{Heap after GC invocations=116 (full 0):
 garbage-first heap   total 262144K, used 143824K [0x00000000e0000000, 0x0000000100000000)
  region size 1024K, 1 young (1024K), 1 survivors (1024K)
 Metaspace       used 135922K, capacity 138615K, committed 138840K, reserved 376832K
  class space    used 16224K, capacity 17181K, committed 17280K, reserved 253952K
}
Event: 53.654 GC heap before
{Heap before GC invocations=116 (full 0):
 garbage-first heap   total 262144K, used 154064K [0x00000000e0000000, 0x0000000100000000)
  region size 1024K, 12 young (12288K), 1 survivors (1024K)
 Metaspace       used 135922K, capacity 138615K, committed 138840K, reserved 376832K
  class space    used 16224K, capacity 17181K, committed 17280K, reserved 253952K
}
Event: 53.659 GC heap after
{Heap after GC invocations=117 (full 0):
 garbage-first heap   total 262144K, used 142716K [0x00000000e0000000, 0x0000000100000000)
  region size 1024K, 1 young (1024K), 1 survivors (1024K)
 Metaspace       used 135922K, capacity 138615K, committed 138840K, reserved 376832K
  class space    used 16224K, capacity 17181K, committed 17280K, reserved 253952K
}
Event: 58.422 GC heap before
{Heap before GC invocations=117 (full 0):
 garbage-first heap   total 262144K, used 221564K [0x00000000e0000000, 0x0000000100000000)
  region size 1024K, 74 young (75776K), 1 survivors (1024K)
 Metaspace       used 136066K, capacity 138746K, committed 138840K, reserved 376832K
  class space    used 16249K, capacity 17204K, committed 17280K, reserved 253952K
}
Event: 58.423 GC heap after
{Heap after GC invocations=118 (full 0):
 garbage-first heap   total 262144K, used 148420K [0x00000000e0000000, 0x0000000100000000)
  region size 1024K, 2 young (2048K), 2 survivors (2048K)
 Metaspace       used 136066K, capacity 138746K, committed 138840K, reserved 376832K
  class space    used 16249K, capacity 17204K, committed 17280K, reserved 253952K
}
Event: 64.288 GC heap before
{Heap before GC invocations=118 (full 0):
 garbage-first heap   total 262144K, used 221124K [0x00000000e0000000, 0x0000000100000000)
  region size 1024K, 73 young (74752K), 2 survivors (2048K)
 Metaspace       used 136066K, capacity 138746K, committed 138840K, reserved 376832K
  class space    used 16249K, capacity 17204K, committed 17280K, reserved 253952K
}
Event: 64.289 GC heap after
{Heap after GC invocations=119 (full 0):
 garbage-first heap   total 262144K, used 148285K [0x00000000e0000000, 0x0000000100000000)
  region size 1024K, 1 young (1024K), 1 survivors (1024K)
 Metaspace       used 136066K, capacity 138746K, committed 138840K, reserved 376832K
  class space    used 16249K, capacity 17204K, committed 17280K, reserved 253952K
}
Event: 74.649 GC heap before
{Heap before GC invocations=119 (full 0):
 garbage-first heap   total 262144K, used 223037K [0x00000000e0000000, 0x0000000100000000)
  region size 1024K, 74 young (75776K), 1 survivors (1024K)
 Metaspace       used 136070K, capacity 138810K, committed 139096K, reserved 376832K
  class space    used 16249K, capacity 17204K, committed 17280K, reserved 253952K
}
Event: 74.650 GC heap after
{Heap after GC invocations=120 (full 0):
 garbage-first heap   total 262144K, used 148273K [0x00000000e0000000, 0x0000000100000000)
  region size 1024K, 1 young (1024K), 1 survivors (1024K)
 Metaspace       used 136070K, capacity 138810K, committed 139096K, reserved 376832K
  class space    used 16249K, capacity 17204K, committed 17280K, reserved 253952K
}
Event: 81.884 GC heap before
{Heap before GC invocations=120 (full 0):
 garbage-first heap   total 262144K, used 224049K [0x00000000e0000000, 0x0000000100000000)
  region size 1024K, 75 young (76800K), 1 survivors (1024K)
 Metaspace       used 136073K, capacity 138813K, committed 139096K, reserved 376832K
  class space    used 16250K, capacity 17205K, committed 17280K, reserved 253952K
}
Event: 81.885 GC heap after
{Heap after GC invocations=121 (full 0):
 garbage-first heap   total 262144K, used 148313K [0x00000000e0000000, 0x0000000100000000)
  region size 1024K, 2 young (2048K), 2 survivors (2048K)
 Metaspace       used 136073K, capacity 138813K, committed 139096K, reserved 376832K
  class space    used 16250K, capacity 17205K, committed 17280K, reserved 253952K
}
Event: 89.317 GC heap before
{Heap before GC invocations=121 (full 0):
 garbage-first heap   total 262144K, used 224089K [0x00000000e0000000, 0x0000000100000000)
  region size 1024K, 76 young (77824K), 2 survivors (2048K)
 Metaspace       used 136081K, capacity 138819K, committed 139096K, reserved 376832K
  class space    used 16250K, capacity 17206K, committed 17280K, reserved 253952K
}
Event: 89.318 GC heap after
{Heap after GC invocations=122 (full 0):
 garbage-first heap   total 262144K, used 148297K [0x00000000e0000000, 0x0000000100000000)
  region size 1024K, 1 young (1024K), 1 survivors (1024K)
 Metaspace       used 136081K, capacity 138819K, committed 139096K, reserved 376832K
  class space    used 16250K, capacity 17206K, committed 17280K, reserved 253952K
}

