# JRE version: OpenJDK Runtime Environment (11.0.11+9) (build 11.0.11+9-b60-7590822)
# Java VM: OpenJDK 64-Bit Server VM (11.0.11+9-b60-7590822, mixed mode, tiered, compressed oops, g1 gc, windows-amd64)
Heap:
 garbage-first heap   total 262144K, used 126213K [0x00000000e0000000, 0x0000000100000000)
  region size 1024K, 20 young (20480K), 9 survivors (9216K)
 Metaspace       used 95186K, capacity 97083K, committed 97280K, reserved 339968K
  class space    used 11535K, capacity 12233K, committed 12288K, reserved 253952K
GC Heap History (20 events):
Event: 22.637 GC heap before
{Heap before GC invocations=86 (full 0):
 garbage-first heap   total 262144K, used 228687K [0x00000000e0000000, 0x0000000100000000)
  region size 1024K, 148 young (151552K), 6 survivors (6144K)
 Metaspace       used 56319K, capacity 57868K, committed 58112K, reserved 305152K
  class space    used 7003K, capacity 7565K, committed 7680K, reserved 253952K
}
Event: 22.639 GC heap after
{Heap after GC invocations=87 (full 0):
 garbage-first heap   total 262144K, used 83163K [0x00000000e0000000, 0x0000000100000000)
  region size 1024K, 5 young (5120K), 5 survivors (5120K)
 Metaspace       used 56319K, capacity 57868K, committed 58112K, reserved 305152K
  class space    used 7003K, capacity 7565K, committed 7680K, reserved 253952K
}
Event: 22.816 GC heap before
{Heap before GC invocations=87 (full 0):
 garbage-first heap   total 262144K, used 229595K [0x00000000e0000000, 0x0000000100000000)
  region size 1024K, 148 young (151552K), 5 survivors (5120K)
 Metaspace       used 56319K, capacity 57868K, committed 58112K, reserved 305152K
  class space    used 7003K, capacity 7565K, committed 7680K, reserved 253952K
}
Event: 22.818 GC heap after
{Heap after GC invocations=88 (full 0):
 garbage-first heap   total 262144K, used 83522K [0x00000000e0000000, 0x0000000100000000)
  region size 1024K, 5 young (5120K), 5 survivors (5120K)
 Metaspace       used 56319K, capacity 57868K, committed 58112K, reserved 305152K
  class space    used 7003K, capacity 7565K, committed 7680K, reserved 253952K
}
Event: 23.064 GC heap before
{Heap before GC invocations=88 (full 0):
 garbage-first heap   total 262144K, used 164418K [0x00000000e0000000, 0x0000000100000000)
  region size 1024K, 85 young (87040K), 5 survivors (5120K)
 Metaspace       used 58443K, capacity 60035K, committed 60160K, reserved 307200K
  class space    used 7244K, capacity 7798K, committed 7808K, reserved 253952K
}
Event: 23.067 GC heap after
{Heap after GC invocations=89 (full 0):
 garbage-first heap   total 262144K, used 85083K [0x00000000e0000000, 0x0000000100000000)
  region size 1024K, 6 young (6144K), 6 survivors (6144K)
 Metaspace       used 58443K, capacity 60035K, committed 60160K, reserved 307200K
  class space    used 7244K, capacity 7798K, committed 7808K, reserved 253952K
}
Event: 23.742 GC heap before
{Heap before GC invocations=90 (full 0):
 garbage-first heap   total 262144K, used 213083K [0x00000000e0000000, 0x0000000100000000)
  region size 1024K, 125 young (128000K), 6 survivors (6144K)
 Metaspace       used 67263K, capacity 68954K, committed 69120K, reserved 315392K
  class space    used 8558K, capacity 9185K, committed 9216K, reserved 253952K
}
Event: 23.753 GC heap after
{Heap after GC invocations=91 (full 0):
 garbage-first heap   total 262144K, used 104919K [0x00000000e0000000, 0x0000000100000000)
  region size 1024K, 16 young (16384K), 16 survivors (16384K)
 Metaspace       used 67263K, capacity 68954K, committed 69120K, reserved 315392K
  class space    used 8558K, capacity 9185K, committed 9216K, reserved 253952K
}
Event: 23.756 GC heap before
{Heap before GC invocations=91 (full 0):
 garbage-first heap   total 262144K, used 105943K [0x00000000e0000000, 0x0000000100000000)
  region size 1024K, 17 young (17408K), 16 survivors (16384K)
 Metaspace       used 67263K, capacity 68954K, committed 69120K, reserved 315392K
  class space    used 8558K, capacity 9185K, committed 9216K, reserved 253952K
}
Event: 23.764 GC heap after
{Heap after GC invocations=92 (full 0):
 garbage-first heap   total 262144K, used 98703K [0x00000000e0000000, 0x0000000100000000)
  region size 1024K, 2 young (2048K), 2 survivors (2048K)
 Metaspace       used 67263K, capacity 68954K, committed 69120K, reserved 315392K
  class space    used 8558K, capacity 9185K, committed 9216K, reserved 253952K
}
Event: 24.400 GC heap before
{Heap before GC invocations=92 (full 0):
 garbage-first heap   total 262144K, used 206223K [0x00000000e0000000, 0x0000000100000000)
  region size 1024K, 107 young (109568K), 2 survivors (2048K)
 Metaspace       used 74345K, capacity 76100K, committed 76288K, reserved 321536K
  class space    used 9480K, capacity 10130K, committed 10240K, reserved 253952K
}
Event: 24.405 GC heap after
{Heap after GC invocations=93 (full 0):
 garbage-first heap   total 262144K, used 102622K [0x00000000e0000000, 0x0000000100000000)
  region size 1024K, 6 young (6144K), 6 survivors (6144K)
 Metaspace       used 74345K, capacity 76100K, committed 76288K, reserved 321536K
  class space    used 9480K, capacity 10130K, committed 10240K, reserved 253952K
}
Event: 24.990 GC heap before
{Heap before GC invocations=94 (full 0):
 garbage-first heap   total 262144K, used 209118K [0x00000000e0000000, 0x0000000100000000)
  region size 1024K, 109 young (111616K), 6 survivors (6144K)
 Metaspace       used 82382K, capacity 84204K, committed 84480K, reserved 327680K
  class space    used 10326K, capacity 10985K, committed 11008K, reserved 253952K
}
Event: 24.996 GC heap after
{Heap after GC invocations=95 (full 0):
 garbage-first heap   total 262144K, used 107934K [0x00000000e0000000, 0x0000000100000000)
  region size 1024K, 11 young (11264K), 11 survivors (11264K)
 Metaspace       used 82382K, capacity 84204K, committed 84480K, reserved 327680K
  class space    used 10326K, capacity 10985K, committed 11008K, reserved 253952K
}
Event: 24.997 GC heap before
{Heap before GC invocations=95 (full 0):
 garbage-first heap   total 262144K, used 108958K [0x00000000e0000000, 0x0000000100000000)
  region size 1024K, 12 young (12288K), 11 survivors (11264K)
 Metaspace       used 82383K, capacity 84204K, committed 84480K, reserved 327680K
  class space    used 10326K, capacity 10985K, committed 11008K, reserved 253952K
}
Event: 25.003 GC heap after
{Heap after GC invocations=96 (full 0):
 garbage-first heap   total 262144K, used 100219K [0x00000000e0000000, 0x0000000100000000)
  region size 1024K, 1 young (1024K), 1 survivors (1024K)
 Metaspace       used 82383K, capacity 84204K, committed 84480K, reserved 327680K
  class space    used 10326K, capacity 10985K, committed 11008K, reserved 253952K
}
Event: 25.694 GC heap before
{Heap before GC invocations=96 (full 0):
 garbage-first heap   total 262144K, used 208763K [0x00000000e0000000, 0x0000000100000000)
  region size 1024K, 107 young (109568K), 1 survivors (1024K)
 Metaspace       used 89591K, capacity 91415K, committed 91520K, reserved 333824K
  class space    used 11133K, capacity 11825K, committed 11904K, reserved 253952K
}
Event: 25.700 GC heap after
{Heap after GC invocations=97 (full 0):
 garbage-first heap   total 262144K, used 107557K [0x00000000e0000000, 0x0000000100000000)
  region size 1024K, 9 young (9216K), 9 survivors (9216K)
 Metaspace       used 89591K, capacity 91415K, committed 91520K, reserved 333824K
  class space    used 11133K, capacity 11825K, committed 11904K, reserved 253952K
}
Event: 26.781 GC heap before
{Heap before GC invocations=97 (full 0):
 garbage-first heap   total 262144K, used 212005K [0x00000000e0000000, 0x0000000100000000)
  region size 1024K, 111 young (113664K), 9 survivors (9216K)
 Metaspace       used 94705K, capacity 96631K, committed 96768K, reserved 339968K
  class space    used 11526K, capacity 12233K, committed 12288K, reserved 253952K
}
Event: 26.789 GC heap after
{Heap after GC invocations=98 (full 0):
 garbage-first heap   total 262144K, used 115973K [0x00000000e0000000, 0x0000000100000000)
  region size 1024K, 9 young (9216K), 9 survivors (9216K)
 Metaspace       used 94705K, capacity 96631K, committed 96768K, reserved 339968K
  class space    used 11526K, capacity 12233K, committed 12288K, reserved 253952K
}

