# JRE version: OpenJDK Runtime Environment (11.0.11+9) (build 11.0.11+9-b60-7590822)
# Java VM: OpenJDK 64-Bit Server VM (11.0.11+9-b60-7590822, mixed mode, tiered, compressed oops, g1 gc, windows-amd64)
Heap:
 garbage-first heap   total 262144K, used 124257K [0x00000000e0000000, 0x0000000100000000)
  region size 1024K, 37 young (37888K), 16 survivors (16384K)
 Metaspace       used 89728K, capacity 91390K, committed 91596K, reserved 335872K
  class space    used 10778K, capacity 11383K, committed 11468K, reserved 253952K
GC Heap History (20 events):
Event: 7.678 GC heap before
{Heap before GC invocations=28 (full 0):
 garbage-first heap   total 262144K, used 204308K [0x00000000e0000000, 0x0000000100000000)
  region size 1024K, 153 young (156672K), 6 survivors (6144K)
 Metaspace       used 49543K, capacity 50834K, committed 50944K, reserved 299008K
  class space    used 6189K, capacity 6655K, committed 6656K, reserved 253952K
}
Event: 7.680 GC heap after
{Heap after GC invocations=29 (full 0):
 garbage-first heap   total 262144K, used 53806K [0x00000000e0000000, 0x0000000100000000)
  region size 1024K, 6 young (6144K), 6 survivors (6144K)
 Metaspace       used 49543K, capacity 50834K, committed 50944K, reserved 299008K
  class space    used 6189K, capacity 6655K, committed 6656K, reserved 253952K
}
Event: 7.868 GC heap before
{Heap before GC invocations=29 (full 0):
 garbage-first heap   total 262144K, used 204334K [0x00000000e0000000, 0x0000000100000000)
  region size 1024K, 153 young (156672K), 6 survivors (6144K)
 Metaspace       used 49546K, capacity 50898K, committed 50944K, reserved 299008K
  class space    used 6189K, capacity 6655K, committed 6656K, reserved 253952K
}
Event: 7.870 GC heap after
{Heap after GC invocations=30 (full 0):
 garbage-first heap   total 262144K, used 54250K [0x00000000e0000000, 0x0000000100000000)
  region size 1024K, 6 young (6144K), 6 survivors (6144K)
 Metaspace       used 49546K, capacity 50898K, committed 50944K, reserved 299008K
  class space    used 6189K, capacity 6655K, committed 6656K, reserved 253952K
}
Event: 8.054 GC heap before
{Heap before GC invocations=30 (full 0):
 garbage-first heap   total 262144K, used 204778K [0x00000000e0000000, 0x0000000100000000)
  region size 1024K, 153 young (156672K), 6 survivors (6144K)
 Metaspace       used 49546K, capacity 50898K, committed 50944K, reserved 299008K
  class space    used 6189K, capacity 6655K, committed 6656K, reserved 253952K
}
Event: 8.055 GC heap after
{Heap after GC invocations=31 (full 0):
 garbage-first heap   total 262144K, used 54143K [0x00000000e0000000, 0x0000000100000000)
  region size 1024K, 6 young (6144K), 6 survivors (6144K)
 Metaspace       used 49546K, capacity 50898K, committed 50944K, reserved 299008K
  class space    used 6189K, capacity 6655K, committed 6656K, reserved 253952K
}
Event: 8.235 GC heap before
{Heap before GC invocations=31 (full 0):
 garbage-first heap   total 262144K, used 204671K [0x00000000e0000000, 0x0000000100000000)
  region size 1024K, 153 young (156672K), 6 survivors (6144K)
 Metaspace       used 49546K, capacity 50898K, committed 50944K, reserved 299008K
  class space    used 6189K, capacity 6655K, committed 6656K, reserved 253952K
}
Event: 8.237 GC heap after
{Heap after GC invocations=32 (full 0):
 garbage-first heap   total 262144K, used 54583K [0x00000000e0000000, 0x0000000100000000)
  region size 1024K, 6 young (6144K), 6 survivors (6144K)
 Metaspace       used 49546K, capacity 50898K, committed 50944K, reserved 299008K
  class space    used 6189K, capacity 6655K, committed 6656K, reserved 253952K
}
Event: 8.685 GC heap before
{Heap before GC invocations=32 (full 0):
 garbage-first heap   total 262144K, used 205111K [0x00000000e0000000, 0x0000000100000000)
  region size 1024K, 153 young (156672K), 6 survivors (6144K)
 Metaspace       used 53981K, capacity 55303K, committed 55680K, reserved 303104K
  class space    used 6711K, capacity 7169K, committed 7296K, reserved 253952K
}
Event: 8.689 GC heap after
{Heap after GC invocations=33 (full 0):
 garbage-first heap   total 262144K, used 56529K [0x00000000e0000000, 0x0000000100000000)
  region size 1024K, 7 young (7168K), 7 survivors (7168K)
 Metaspace       used 53981K, capacity 55303K, committed 55680K, reserved 303104K
  class space    used 6711K, capacity 7169K, committed 7296K, reserved 253952K
}
Event: 9.052 GC heap before
{Heap before GC invocations=33 (full 0):
 garbage-first heap   total 262144K, used 108753K [0x00000000e0000000, 0x0000000100000000)
  region size 1024K, 53 young (54272K), 7 survivors (7168K)
 Metaspace       used 58650K, capacity 60038K, committed 60160K, reserved 307200K
  class space    used 7344K, capacity 7843K, committed 7936K, reserved 253952K
}
Event: 9.057 GC heap after
{Heap after GC invocations=34 (full 0):
 garbage-first heap   total 262144K, used 63780K [0x00000000e0000000, 0x0000000100000000)
  region size 1024K, 8 young (8192K), 8 survivors (8192K)
 Metaspace       used 58650K, capacity 60038K, committed 60160K, reserved 307200K
  class space    used 7344K, capacity 7843K, committed 7936K, reserved 253952K
}
Event: 9.928 GC heap before
{Heap before GC invocations=35 (full 0):
 garbage-first heap   total 262144K, used 202020K [0x00000000e0000000, 0x0000000100000000)
  region size 1024K, 143 young (146432K), 8 survivors (8192K)
 Metaspace       used 65936K, capacity 67467K, committed 67788K, reserved 313344K
  class space    used 8515K, capacity 9051K, committed 9164K, reserved 253952K
}
Event: 9.943 GC heap after
{Heap after GC invocations=36 (full 0):
 garbage-first heap   total 262144K, used 80022K [0x00000000e0000000, 0x0000000100000000)
  region size 1024K, 18 young (18432K), 18 survivors (18432K)
 Metaspace       used 65936K, capacity 67467K, committed 67788K, reserved 313344K
  class space    used 8515K, capacity 9051K, committed 9164K, reserved 253952K
}
Event: 10.709 GC heap before
{Heap before GC invocations=36 (full 0):
 garbage-first heap   total 262144K, used 200854K [0x00000000e0000000, 0x0000000100000000)
  region size 1024K, 136 young (139264K), 18 survivors (18432K)
 Metaspace       used 75723K, capacity 77316K, committed 77516K, reserved 321536K
  class space    used 9530K, capacity 10102K, committed 10188K, reserved 253952K
}
Event: 10.727 GC heap after
{Heap after GC invocations=37 (full 0):
 garbage-first heap   total 262144K, used 87572K [0x00000000e0000000, 0x0000000100000000)
  region size 1024K, 7 young (7168K), 7 survivors (7168K)
 Metaspace       used 75723K, capacity 77316K, committed 77516K, reserved 321536K
  class space    used 9530K, capacity 10102K, committed 10188K, reserved 253952K
}
Event: 11.547 GC heap before
{Heap before GC invocations=37 (full 0):
 garbage-first heap   total 262144K, used 207380K [0x00000000e0000000, 0x0000000100000000)
  region size 1024K, 123 young (125952K), 7 survivors (7168K)
 Metaspace       used 83321K, capacity 85008K, committed 85324K, reserved 329728K
  class space    used 10363K, capacity 10974K, committed 11084K, reserved 253952K
}
Event: 11.554 GC heap after
{Heap after GC invocations=38 (full 0):
 garbage-first heap   total 262144K, used 92706K [0x00000000e0000000, 0x0000000100000000)
  region size 1024K, 12 young (12288K), 12 survivors (12288K)
 Metaspace       used 83321K, capacity 85008K, committed 85324K, reserved 329728K
  class space    used 10363K, capacity 10974K, committed 11084K, reserved 253952K
}
Event: 12.857 GC heap before
{Heap before GC invocations=38 (full 0):
 garbage-first heap   total 262144K, used 211490K [0x00000000e0000000, 0x0000000100000000)
  region size 1024K, 126 young (129024K), 12 survivors (12288K)
 Metaspace       used 89223K, capacity 90872K, committed 91084K, reserved 333824K
  class space    used 10762K, capacity 11382K, committed 11468K, reserved 253952K
}
Event: 12.871 GC heap after
{Heap after GC invocations=39 (full 0):
 garbage-first heap   total 262144K, used 103777K [0x00000000e0000000, 0x0000000100000000)
  region size 1024K, 16 young (16384K), 16 survivors (16384K)
 Metaspace       used 89223K, capacity 90872K, committed 91084K, reserved 333824K
  class space    used 10762K, capacity 11382K, committed 11468K, reserved 253952K
}

